<?xml version="1.0" encoding="UTF-8"?>
<testng-results ignored="0" total="26" passed="14" failed="12" skipped="0">
  <reporter-output>
  </reporter-output>
  <suite started-at="2021-05-30T09:02:29 BST" name="Default suite" finished-at="2021-05-30T09:04:32 BST" duration-ms="123530">
    <groups>
    </groups>
    <test started-at="2021-05-30T09:02:29 BST" name="Default test" finished-at="2021-05-30T09:04:32 BST" duration-ms="123530">
      <class name="Manager.NewCustomer">
        <test-method is-config="true" signature="deviopenbrs()[pri:0, instance:Manager.NewCustomer@5ccddd20]" started-at="2021-05-30T09:02:29 BST" name="deviopenbrs" finished-at="2021-05-30T09:02:35 BST" duration-ms="6037" status="PASS">
          <reporter-output>
          </reporter-output>
        </test-method> <!-- deviopenbrs -->
        <test-method signature="NC1()[pri:0, instance:Manager.NewCustomer@5ccddd20]" started-at="2021-05-30T09:02:35 BST" name="NC1" finished-at="2021-05-30T09:02:35 BST" duration-ms="608" status="PASS">
          <reporter-output>
          </reporter-output>
        </test-method> <!-- NC1 -->
        <test-method is-config="true" signature="closebrowser()[pri:0, instance:Manager.NewCustomer@5ccddd20]" started-at="2021-05-30T09:02:35 BST" name="closebrowser" finished-at="2021-05-30T09:02:36 BST" duration-ms="128" status="PASS">
          <reporter-output>
          </reporter-output>
        </test-method> <!-- closebrowser -->
        <test-method is-config="true" signature="deviopenbrs()[pri:0, instance:Manager.NewCustomer@5ccddd20]" started-at="2021-05-30T09:02:36 BST" name="deviopenbrs" finished-at="2021-05-30T09:02:39 BST" duration-ms="3898" status="PASS">
          <reporter-output>
          </reporter-output>
        </test-method> <!-- deviopenbrs -->
        <test-method signature="NC10()[pri:0, instance:Manager.NewCustomer@5ccddd20]" started-at="2021-05-30T09:02:39 BST" name="NC10" finished-at="2021-05-30T09:02:40 BST" duration-ms="466" status="PASS">
          <reporter-output>
          </reporter-output>
        </test-method> <!-- NC10 -->
        <test-method is-config="true" signature="closebrowser()[pri:0, instance:Manager.NewCustomer@5ccddd20]" started-at="2021-05-30T09:02:40 BST" name="closebrowser" finished-at="2021-05-30T09:02:40 BST" duration-ms="122" status="PASS">
          <reporter-output>
          </reporter-output>
        </test-method> <!-- closebrowser -->
        <test-method is-config="true" signature="deviopenbrs()[pri:0, instance:Manager.NewCustomer@5ccddd20]" started-at="2021-05-30T09:02:40 BST" name="deviopenbrs" finished-at="2021-05-30T09:02:44 BST" duration-ms="3919" status="PASS">
          <reporter-output>
          </reporter-output>
        </test-method> <!-- deviopenbrs -->
        <test-method signature="NC11()[pri:0, instance:Manager.NewCustomer@5ccddd20]" started-at="2021-05-30T09:02:44 BST" name="NC11" finished-at="2021-05-30T09:02:44 BST" duration-ms="408" status="FAIL">
          <exception class="java.lang.AssertionError">
            <message>
              <![CDATA[expected [First character cannot be space] but found [Numbers are not allowed]]]>
            </message>
            <full-stacktrace>
              <![CDATA[java.lang.AssertionError: expected [First character cannot be space] but found [Numbers are not allowed]
at org.testng.Assert.fail(Assert.java:99)
at org.testng.Assert.failNotEquals(Assert.java:1037)
at org.testng.Assert.assertEqualsImpl(Assert.java:140)
at org.testng.Assert.assertEquals(Assert.java:122)
at org.testng.Assert.assertEquals(Assert.java:629)
at org.testng.Assert.assertEquals(Assert.java:639)
at Manager.NewCustomer.NC11(NewCustomer.java:149)
at java.base/jdk.internal.reflect.NativeMethodAccessorImpl.invoke0(Native Method)
at java.base/jdk.internal.reflect.NativeMethodAccessorImpl.invoke(NativeMethodAccessorImpl.java:78)
at java.base/jdk.internal.reflect.DelegatingMethodAccessorImpl.invoke(DelegatingMethodAccessorImpl.java:43)
at java.base/java.lang.reflect.Method.invoke(Method.java:567)
at org.testng.internal.MethodInvocationHelper.invokeMethod(MethodInvocationHelper.java:133)
at org.testng.internal.TestInvoker.invokeMethod(TestInvoker.java:598)
at org.testng.internal.TestInvoker.invokeTestMethod(TestInvoker.java:173)
at org.testng.internal.MethodRunner.runInSequence(MethodRunner.java:46)
at org.testng.internal.TestInvoker$MethodInvocationAgent.invoke(TestInvoker.java:824)
at org.testng.internal.TestInvoker.invokeTestMethods(TestInvoker.java:146)
at org.testng.internal.TestMethodWorker.invokeTestMethods(TestMethodWorker.java:146)
at org.testng.internal.TestMethodWorker.run(TestMethodWorker.java:128)
at java.base/java.util.ArrayList.forEach(ArrayList.java:1511)
at org.testng.TestRunner.privateRun(TestRunner.java:794)
at org.testng.TestRunner.run(TestRunner.java:596)
at org.testng.SuiteRunner.runTest(SuiteRunner.java:377)
at org.testng.SuiteRunner.runSequentially(SuiteRunner.java:371)
at org.testng.SuiteRunner.privateRun(SuiteRunner.java:332)
at org.testng.SuiteRunner.run(SuiteRunner.java:276)
at org.testng.SuiteRunnerWorker.runSuite(SuiteRunnerWorker.java:53)
at org.testng.SuiteRunnerWorker.run(SuiteRunnerWorker.java:96)
at org.testng.TestNG.runSuitesSequentially(TestNG.java:1212)
at org.testng.TestNG.runSuitesLocally(TestNG.java:1134)
at org.testng.TestNG.runSuites(TestNG.java:1063)
at org.testng.TestNG.run(TestNG.java:1031)
at org.testng.remote.AbstractRemoteTestNG.run(AbstractRemoteTestNG.java:115)
at org.testng.remote.RemoteTestNG.initAndRun(RemoteTestNG.java:251)
at org.testng.remote.RemoteTestNG.main(RemoteTestNG.java:77)
]]>
            </full-stacktrace>
          </exception> <!-- java.lang.AssertionError -->
          <reporter-output>
          </reporter-output>
        </test-method> <!-- NC11 -->
        <test-method is-config="true" signature="closebrowser()[pri:0, instance:Manager.NewCustomer@5ccddd20]" started-at="2021-05-30T09:02:44 BST" name="closebrowser" finished-at="2021-05-30T09:02:44 BST" duration-ms="107" status="PASS">
          <reporter-output>
          </reporter-output>
        </test-method> <!-- closebrowser -->
        <test-method is-config="true" signature="deviopenbrs()[pri:0, instance:Manager.NewCustomer@5ccddd20]" started-at="2021-05-30T09:02:44 BST" name="deviopenbrs" finished-at="2021-05-30T09:02:49 BST" duration-ms="4176" status="PASS">
          <reporter-output>
          </reporter-output>
        </test-method> <!-- deviopenbrs -->
        <test-method signature="NC13()[pri:0, instance:Manager.NewCustomer@5ccddd20]" started-at="2021-05-30T09:02:49 BST" name="NC13" finished-at="2021-05-30T09:02:49 BST" duration-ms="440" status="PASS">
          <reporter-output>
          </reporter-output>
        </test-method> <!-- NC13 -->
        <test-method is-config="true" signature="closebrowser()[pri:0, instance:Manager.NewCustomer@5ccddd20]" started-at="2021-05-30T09:02:49 BST" name="closebrowser" finished-at="2021-05-30T09:02:49 BST" duration-ms="93" status="PASS">
          <reporter-output>
          </reporter-output>
        </test-method> <!-- closebrowser -->
        <test-method is-config="true" signature="deviopenbrs()[pri:0, instance:Manager.NewCustomer@5ccddd20]" started-at="2021-05-30T09:02:49 BST" name="deviopenbrs" finished-at="2021-05-30T09:02:53 BST" duration-ms="4296" status="PASS">
          <reporter-output>
          </reporter-output>
        </test-method> <!-- deviopenbrs -->
        <test-method signature="NC14()[pri:0, instance:Manager.NewCustomer@5ccddd20]" started-at="2021-05-30T09:02:53 BST" name="NC14" finished-at="2021-05-30T09:02:54 BST" duration-ms="424" status="PASS">
          <reporter-output>
          </reporter-output>
        </test-method> <!-- NC14 -->
        <test-method is-config="true" signature="closebrowser()[pri:0, instance:Manager.NewCustomer@5ccddd20]" started-at="2021-05-30T09:02:54 BST" name="closebrowser" finished-at="2021-05-30T09:02:54 BST" duration-ms="91" status="PASS">
          <reporter-output>
          </reporter-output>
        </test-method> <!-- closebrowser -->
        <test-method is-config="true" signature="deviopenbrs()[pri:0, instance:Manager.NewCustomer@5ccddd20]" started-at="2021-05-30T09:02:54 BST" name="deviopenbrs" finished-at="2021-05-30T09:02:58 BST" duration-ms="3866" status="PASS">
          <reporter-output>
          </reporter-output>
        </test-method> <!-- deviopenbrs -->
        <test-method signature="NC15()[pri:0, instance:Manager.NewCustomer@5ccddd20]" started-at="2021-05-30T09:02:58 BST" name="NC15" finished-at="2021-05-30T09:02:58 BST" duration-ms="404" status="FAIL">
          <exception class="java.lang.AssertionError">
            <message>
              <![CDATA[expected [First character cannot be space] but found [Numbers are not allowed]]]>
            </message>
            <full-stacktrace>
              <![CDATA[java.lang.AssertionError: expected [First character cannot be space] but found [Numbers are not allowed]
at org.testng.Assert.fail(Assert.java:99)
at org.testng.Assert.failNotEquals(Assert.java:1037)
at org.testng.Assert.assertEqualsImpl(Assert.java:140)
at org.testng.Assert.assertEquals(Assert.java:122)
at org.testng.Assert.assertEquals(Assert.java:629)
at org.testng.Assert.assertEquals(Assert.java:639)
at Manager.NewCustomer.NC15(NewCustomer.java:193)
at java.base/jdk.internal.reflect.NativeMethodAccessorImpl.invoke0(Native Method)
at java.base/jdk.internal.reflect.NativeMethodAccessorImpl.invoke(NativeMethodAccessorImpl.java:78)
at java.base/jdk.internal.reflect.DelegatingMethodAccessorImpl.invoke(DelegatingMethodAccessorImpl.java:43)
at java.base/java.lang.reflect.Method.invoke(Method.java:567)
at org.testng.internal.MethodInvocationHelper.invokeMethod(MethodInvocationHelper.java:133)
at org.testng.internal.TestInvoker.invokeMethod(TestInvoker.java:598)
at org.testng.internal.TestInvoker.invokeTestMethod(TestInvoker.java:173)
at org.testng.internal.MethodRunner.runInSequence(MethodRunner.java:46)
at org.testng.internal.TestInvoker$MethodInvocationAgent.invoke(TestInvoker.java:824)
at org.testng.internal.TestInvoker.invokeTestMethods(TestInvoker.java:146)
at org.testng.internal.TestMethodWorker.invokeTestMethods(TestMethodWorker.java:146)
at org.testng.internal.TestMethodWorker.run(TestMethodWorker.java:128)
at java.base/java.util.ArrayList.forEach(ArrayList.java:1511)
at org.testng.TestRunner.privateRun(TestRunner.java:794)
at org.testng.TestRunner.run(TestRunner.java:596)
at org.testng.SuiteRunner.runTest(SuiteRunner.java:377)
at org.testng.SuiteRunner.runSequentially(SuiteRunner.java:371)
at org.testng.SuiteRunner.privateRun(SuiteRunner.java:332)
at org.testng.SuiteRunner.run(SuiteRunner.java:276)
at org.testng.SuiteRunnerWorker.runSuite(SuiteRunnerWorker.java:53)
at org.testng.SuiteRunnerWorker.run(SuiteRunnerWorker.java:96)
at org.testng.TestNG.runSuitesSequentially(TestNG.java:1212)
at org.testng.TestNG.runSuitesLocally(TestNG.java:1134)
at org.testng.TestNG.runSuites(TestNG.java:1063)
at org.testng.TestNG.run(TestNG.java:1031)
at org.testng.remote.AbstractRemoteTestNG.run(AbstractRemoteTestNG.java:115)
at org.testng.remote.RemoteTestNG.initAndRun(RemoteTestNG.java:251)
at org.testng.remote.RemoteTestNG.main(RemoteTestNG.java:77)
]]>
            </full-stacktrace>
          </exception> <!-- java.lang.AssertionError -->
          <reporter-output>
          </reporter-output>
        </test-method> <!-- NC15 -->
        <test-method is-config="true" signature="closebrowser()[pri:0, instance:Manager.NewCustomer@5ccddd20]" started-at="2021-05-30T09:02:58 BST" name="closebrowser" finished-at="2021-05-30T09:02:58 BST" duration-ms="89" status="PASS">
          <reporter-output>
          </reporter-output>
        </test-method> <!-- closebrowser -->
        <test-method is-config="true" signature="deviopenbrs()[pri:0, instance:Manager.NewCustomer@5ccddd20]" started-at="2021-05-30T09:02:58 BST" name="deviopenbrs" finished-at="2021-05-30T09:03:02 BST" duration-ms="4038" status="PASS">
          <reporter-output>
          </reporter-output>
        </test-method> <!-- deviopenbrs -->
        <test-method signature="NC16()[pri:0, instance:Manager.NewCustomer@5ccddd20]" started-at="2021-05-30T09:03:02 BST" name="NC16" finished-at="2021-05-30T09:03:03 BST" duration-ms="468" status="PASS">
          <reporter-output>
          </reporter-output>
        </test-method> <!-- NC16 -->
        <test-method is-config="true" signature="closebrowser()[pri:0, instance:Manager.NewCustomer@5ccddd20]" started-at="2021-05-30T09:03:03 BST" name="closebrowser" finished-at="2021-05-30T09:03:03 BST" duration-ms="115" status="PASS">
          <reporter-output>
          </reporter-output>
        </test-method> <!-- closebrowser -->
        <test-method is-config="true" signature="deviopenbrs()[pri:0, instance:Manager.NewCustomer@5ccddd20]" started-at="2021-05-30T09:03:03 BST" name="deviopenbrs" finished-at="2021-05-30T09:03:07 BST" duration-ms="4478" status="PASS">
          <reporter-output>
          </reporter-output>
        </test-method> <!-- deviopenbrs -->
        <test-method signature="NC17()[pri:0, instance:Manager.NewCustomer@5ccddd20]" started-at="2021-05-30T09:03:07 BST" name="NC17" finished-at="2021-05-30T09:03:08 BST" duration-ms="426" status="FAIL">
          <exception class="java.lang.AssertionError">
            <message>
              <![CDATA[expected [PIN code must not be blank] but found [PIN Code must not be blank]]]>
            </message>
            <full-stacktrace>
              <![CDATA[java.lang.AssertionError: expected [PIN code must not be blank] but found [PIN Code must not be blank]
at org.testng.Assert.fail(Assert.java:99)
at org.testng.Assert.failNotEquals(Assert.java:1037)
at org.testng.Assert.assertEqualsImpl(Assert.java:140)
at org.testng.Assert.assertEquals(Assert.java:122)
at org.testng.Assert.assertEquals(Assert.java:629)
at org.testng.Assert.assertEquals(Assert.java:639)
at Manager.NewCustomer.NC17(NewCustomer.java:216)
at java.base/jdk.internal.reflect.NativeMethodAccessorImpl.invoke0(Native Method)
at java.base/jdk.internal.reflect.NativeMethodAccessorImpl.invoke(NativeMethodAccessorImpl.java:78)
at java.base/jdk.internal.reflect.DelegatingMethodAccessorImpl.invoke(DelegatingMethodAccessorImpl.java:43)
at java.base/java.lang.reflect.Method.invoke(Method.java:567)
at org.testng.internal.MethodInvocationHelper.invokeMethod(MethodInvocationHelper.java:133)
at org.testng.internal.TestInvoker.invokeMethod(TestInvoker.java:598)
at org.testng.internal.TestInvoker.invokeTestMethod(TestInvoker.java:173)
at org.testng.internal.MethodRunner.runInSequence(MethodRunner.java:46)
at org.testng.internal.TestInvoker$MethodInvocationAgent.invoke(TestInvoker.java:824)
at org.testng.internal.TestInvoker.invokeTestMethods(TestInvoker.java:146)
at org.testng.internal.TestMethodWorker.invokeTestMethods(TestMethodWorker.java:146)
at org.testng.internal.TestMethodWorker.run(TestMethodWorker.java:128)
at java.base/java.util.ArrayList.forEach(ArrayList.java:1511)
at org.testng.TestRunner.privateRun(TestRunner.java:794)
at org.testng.TestRunner.run(TestRunner.java:596)
at org.testng.SuiteRunner.runTest(SuiteRunner.java:377)
at org.testng.SuiteRunner.runSequentially(SuiteRunner.java:371)
at org.testng.SuiteRunner.privateRun(SuiteRunner.java:332)
at org.testng.SuiteRunner.run(SuiteRunner.java:276)
at org.testng.SuiteRunnerWorker.runSuite(SuiteRunnerWorker.java:53)
at org.testng.SuiteRunnerWorker.run(SuiteRunnerWorker.java:96)
at org.testng.TestNG.runSuitesSequentially(TestNG.java:1212)
at org.testng.TestNG.runSuitesLocally(TestNG.java:1134)
at org.testng.TestNG.runSuites(TestNG.java:1063)
at org.testng.TestNG.run(TestNG.java:1031)
at org.testng.remote.AbstractRemoteTestNG.run(AbstractRemoteTestNG.java:115)
at org.testng.remote.RemoteTestNG.initAndRun(RemoteTestNG.java:251)
at org.testng.remote.RemoteTestNG.main(RemoteTestNG.java:77)
]]>
            </full-stacktrace>
          </exception> <!-- java.lang.AssertionError -->
          <reporter-output>
          </reporter-output>
        </test-method> <!-- NC17 -->
        <test-method is-config="true" signature="closebrowser()[pri:0, instance:Manager.NewCustomer@5ccddd20]" started-at="2021-05-30T09:03:08 BST" name="closebrowser" finished-at="2021-05-30T09:03:08 BST" duration-ms="110" status="PASS">
          <reporter-output>
          </reporter-output>
        </test-method> <!-- closebrowser -->
        <test-method is-config="true" signature="deviopenbrs()[pri:0, instance:Manager.NewCustomer@5ccddd20]" started-at="2021-05-30T09:03:08 BST" name="deviopenbrs" finished-at="2021-05-30T09:03:12 BST" duration-ms="3947" status="PASS">
          <reporter-output>
          </reporter-output>
        </test-method> <!-- deviopenbrs -->
        <test-method signature="NC18()[pri:0, instance:Manager.NewCustomer@5ccddd20]" started-at="2021-05-30T09:03:12 BST" name="NC18" finished-at="2021-05-30T09:03:12 BST" duration-ms="426" status="PASS">
          <reporter-output>
          </reporter-output>
        </test-method> <!-- NC18 -->
        <test-method is-config="true" signature="closebrowser()[pri:0, instance:Manager.NewCustomer@5ccddd20]" started-at="2021-05-30T09:03:12 BST" name="closebrowser" finished-at="2021-05-30T09:03:12 BST" duration-ms="81" status="PASS">
          <reporter-output>
          </reporter-output>
        </test-method> <!-- closebrowser -->
        <test-method is-config="true" signature="deviopenbrs()[pri:0, instance:Manager.NewCustomer@5ccddd20]" started-at="2021-05-30T09:03:12 BST" name="deviopenbrs" finished-at="2021-05-30T09:03:17 BST" duration-ms="4160" status="PASS">
          <reporter-output>
          </reporter-output>
        </test-method> <!-- deviopenbrs -->
        <test-method signature="NC19()[pri:0, instance:Manager.NewCustomer@5ccddd20]" started-at="2021-05-30T09:03:17 BST" name="NC19" finished-at="2021-05-30T09:03:17 BST" duration-ms="435" status="PASS">
          <reporter-output>
          </reporter-output>
        </test-method> <!-- NC19 -->
        <test-method is-config="true" signature="closebrowser()[pri:0, instance:Manager.NewCustomer@5ccddd20]" started-at="2021-05-30T09:03:17 BST" name="closebrowser" finished-at="2021-05-30T09:03:17 BST" duration-ms="70" status="PASS">
          <reporter-output>
          </reporter-output>
        </test-method> <!-- closebrowser -->
        <test-method is-config="true" signature="deviopenbrs()[pri:0, instance:Manager.NewCustomer@5ccddd20]" started-at="2021-05-30T09:03:17 BST" name="deviopenbrs" finished-at="2021-05-30T09:03:21 BST" duration-ms="4025" status="PASS">
          <reporter-output>
          </reporter-output>
        </test-method> <!-- deviopenbrs -->
        <test-method signature="NC2()[pri:0, instance:Manager.NewCustomer@5ccddd20]" started-at="2021-05-30T09:03:21 BST" name="NC2" finished-at="2021-05-30T09:03:22 BST" duration-ms="424" status="PASS">
          <reporter-output>
          </reporter-output>
        </test-method> <!-- NC2 -->
        <test-method is-config="true" signature="closebrowser()[pri:0, instance:Manager.NewCustomer@5ccddd20]" started-at="2021-05-30T09:03:22 BST" name="closebrowser" finished-at="2021-05-30T09:03:22 BST" duration-ms="95" status="PASS">
          <reporter-output>
          </reporter-output>
        </test-method> <!-- closebrowser -->
        <test-method is-config="true" signature="deviopenbrs()[pri:0, instance:Manager.NewCustomer@5ccddd20]" started-at="2021-05-30T09:03:22 BST" name="deviopenbrs" finished-at="2021-05-30T09:03:25 BST" duration-ms="3851" status="PASS">
          <reporter-output>
          </reporter-output>
        </test-method> <!-- deviopenbrs -->
        <test-method signature="NC20()[pri:0, instance:Manager.NewCustomer@5ccddd20]" started-at="2021-05-30T09:03:25 BST" name="NC20" finished-at="2021-05-30T09:03:26 BST" duration-ms="441" status="FAIL">
          <exception class="java.lang.AssertionError">
            <message>
              <![CDATA[expected [First character cannot be space] but found [Characters are not allowed]]]>
            </message>
            <full-stacktrace>
              <![CDATA[java.lang.AssertionError: expected [First character cannot be space] but found [Characters are not allowed]
at org.testng.Assert.fail(Assert.java:99)
at org.testng.Assert.failNotEquals(Assert.java:1037)
at org.testng.Assert.assertEqualsImpl(Assert.java:140)
at org.testng.Assert.assertEquals(Assert.java:122)
at org.testng.Assert.assertEquals(Assert.java:629)
at org.testng.Assert.assertEquals(Assert.java:639)
at Manager.NewCustomer.NC20(NewCustomer.java:249)
at java.base/jdk.internal.reflect.NativeMethodAccessorImpl.invoke0(Native Method)
at java.base/jdk.internal.reflect.NativeMethodAccessorImpl.invoke(NativeMethodAccessorImpl.java:78)
at java.base/jdk.internal.reflect.DelegatingMethodAccessorImpl.invoke(DelegatingMethodAccessorImpl.java:43)
at java.base/java.lang.reflect.Method.invoke(Method.java:567)
at org.testng.internal.MethodInvocationHelper.invokeMethod(MethodInvocationHelper.java:133)
at org.testng.internal.TestInvoker.invokeMethod(TestInvoker.java:598)
at org.testng.internal.TestInvoker.invokeTestMethod(TestInvoker.java:173)
at org.testng.internal.MethodRunner.runInSequence(MethodRunner.java:46)
at org.testng.internal.TestInvoker$MethodInvocationAgent.invoke(TestInvoker.java:824)
at org.testng.internal.TestInvoker.invokeTestMethods(TestInvoker.java:146)
at org.testng.internal.TestMethodWorker.invokeTestMethods(TestMethodWorker.java:146)
at org.testng.internal.TestMethodWorker.run(TestMethodWorker.java:128)
at java.base/java.util.ArrayList.forEach(ArrayList.java:1511)
at org.testng.TestRunner.privateRun(TestRunner.java:794)
at org.testng.TestRunner.run(TestRunner.java:596)
at org.testng.SuiteRunner.runTest(SuiteRunner.java:377)
at org.testng.SuiteRunner.runSequentially(SuiteRunner.java:371)
at org.testng.SuiteRunner.privateRun(SuiteRunner.java:332)
at org.testng.SuiteRunner.run(SuiteRunner.java:276)
at org.testng.SuiteRunnerWorker.runSuite(SuiteRunnerWorker.java:53)
at org.testng.SuiteRunnerWorker.run(SuiteRunnerWorker.java:96)
at org.testng.TestNG.runSuitesSequentially(TestNG.java:1212)
at org.testng.TestNG.runSuitesLocally(TestNG.java:1134)
at org.testng.TestNG.runSuites(TestNG.java:1063)
at org.testng.TestNG.run(TestNG.java:1031)
at org.testng.remote.AbstractRemoteTestNG.run(AbstractRemoteTestNG.java:115)
at org.testng.remote.RemoteTestNG.initAndRun(RemoteTestNG.java:251)
at org.testng.remote.RemoteTestNG.main(RemoteTestNG.java:77)
]]>
            </full-stacktrace>
          </exception> <!-- java.lang.AssertionError -->
          <reporter-output>
          </reporter-output>
        </test-method> <!-- NC20 -->
        <test-method is-config="true" signature="closebrowser()[pri:0, instance:Manager.NewCustomer@5ccddd20]" started-at="2021-05-30T09:03:26 BST" name="closebrowser" finished-at="2021-05-30T09:03:26 BST" duration-ms="92" status="PASS">
          <reporter-output>
          </reporter-output>
        </test-method> <!-- closebrowser -->
        <test-method is-config="true" signature="deviopenbrs()[pri:0, instance:Manager.NewCustomer@5ccddd20]" started-at="2021-05-30T09:03:26 BST" name="deviopenbrs" finished-at="2021-05-30T09:03:30 BST" duration-ms="4032" status="PASS">
          <reporter-output>
          </reporter-output>
        </test-method> <!-- deviopenbrs -->
        <test-method signature="NC21()[pri:0, instance:Manager.NewCustomer@5ccddd20]" started-at="2021-05-30T09:03:30 BST" name="NC21" finished-at="2021-05-30T09:03:30 BST" duration-ms="446" status="FAIL">
          <exception class="java.lang.AssertionError">
            <message>
              <![CDATA[expected [PIN cannot have space] but found [Characters are not allowed]]]>
            </message>
            <full-stacktrace>
              <![CDATA[java.lang.AssertionError: expected [PIN cannot have space] but found [Characters are not allowed]
at org.testng.Assert.fail(Assert.java:99)
at org.testng.Assert.failNotEquals(Assert.java:1037)
at org.testng.Assert.assertEqualsImpl(Assert.java:140)
at org.testng.Assert.assertEquals(Assert.java:122)
at org.testng.Assert.assertEquals(Assert.java:629)
at org.testng.Assert.assertEquals(Assert.java:639)
at Manager.NewCustomer.NC21(NewCustomer.java:260)
at java.base/jdk.internal.reflect.NativeMethodAccessorImpl.invoke0(Native Method)
at java.base/jdk.internal.reflect.NativeMethodAccessorImpl.invoke(NativeMethodAccessorImpl.java:78)
at java.base/jdk.internal.reflect.DelegatingMethodAccessorImpl.invoke(DelegatingMethodAccessorImpl.java:43)
at java.base/java.lang.reflect.Method.invoke(Method.java:567)
at org.testng.internal.MethodInvocationHelper.invokeMethod(MethodInvocationHelper.java:133)
at org.testng.internal.TestInvoker.invokeMethod(TestInvoker.java:598)
at org.testng.internal.TestInvoker.invokeTestMethod(TestInvoker.java:173)
at org.testng.internal.MethodRunner.runInSequence(MethodRunner.java:46)
at org.testng.internal.TestInvoker$MethodInvocationAgent.invoke(TestInvoker.java:824)
at org.testng.internal.TestInvoker.invokeTestMethods(TestInvoker.java:146)
at org.testng.internal.TestMethodWorker.invokeTestMethods(TestMethodWorker.java:146)
at org.testng.internal.TestMethodWorker.run(TestMethodWorker.java:128)
at java.base/java.util.ArrayList.forEach(ArrayList.java:1511)
at org.testng.TestRunner.privateRun(TestRunner.java:794)
at org.testng.TestRunner.run(TestRunner.java:596)
at org.testng.SuiteRunner.runTest(SuiteRunner.java:377)
at org.testng.SuiteRunner.runSequentially(SuiteRunner.java:371)
at org.testng.SuiteRunner.privateRun(SuiteRunner.java:332)
at org.testng.SuiteRunner.run(SuiteRunner.java:276)
at org.testng.SuiteRunnerWorker.runSuite(SuiteRunnerWorker.java:53)
at org.testng.SuiteRunnerWorker.run(SuiteRunnerWorker.java:96)
at org.testng.TestNG.runSuitesSequentially(TestNG.java:1212)
at org.testng.TestNG.runSuitesLocally(TestNG.java:1134)
at org.testng.TestNG.runSuites(TestNG.java:1063)
at org.testng.TestNG.run(TestNG.java:1031)
at org.testng.remote.AbstractRemoteTestNG.run(AbstractRemoteTestNG.java:115)
at org.testng.remote.RemoteTestNG.initAndRun(RemoteTestNG.java:251)
at org.testng.remote.RemoteTestNG.main(RemoteTestNG.java:77)
]]>
            </full-stacktrace>
          </exception> <!-- java.lang.AssertionError -->
          <reporter-output>
          </reporter-output>
        </test-method> <!-- NC21 -->
        <test-method is-config="true" signature="closebrowser()[pri:0, instance:Manager.NewCustomer@5ccddd20]" started-at="2021-05-30T09:03:31 BST" name="closebrowser" finished-at="2021-05-30T09:03:31 BST" duration-ms="119" status="PASS">
          <reporter-output>
          </reporter-output>
        </test-method> <!-- closebrowser -->
        <test-method is-config="true" signature="deviopenbrs()[pri:0, instance:Manager.NewCustomer@5ccddd20]" started-at="2021-05-30T09:03:31 BST" name="deviopenbrs" finished-at="2021-05-30T09:03:34 BST" duration-ms="3797" status="PASS">
          <reporter-output>
          </reporter-output>
        </test-method> <!-- deviopenbrs -->
        <test-method signature="NC22()[pri:0, instance:Manager.NewCustomer@5ccddd20]" started-at="2021-05-30T09:03:34 BST" name="NC22" finished-at="2021-05-30T09:03:35 BST" duration-ms="337" status="PASS">
          <reporter-output>
          </reporter-output>
        </test-method> <!-- NC22 -->
        <test-method is-config="true" signature="closebrowser()[pri:0, instance:Manager.NewCustomer@5ccddd20]" started-at="2021-05-30T09:03:35 BST" name="closebrowser" finished-at="2021-05-30T09:03:35 BST" duration-ms="106" status="PASS">
          <reporter-output>
          </reporter-output>
        </test-method> <!-- closebrowser -->
        <test-method is-config="true" signature="deviopenbrs()[pri:0, instance:Manager.NewCustomer@5ccddd20]" started-at="2021-05-30T09:03:35 BST" name="deviopenbrs" finished-at="2021-05-30T09:03:39 BST" duration-ms="4154" status="PASS">
          <reporter-output>
          </reporter-output>
        </test-method> <!-- deviopenbrs -->
        <test-method signature="NC23()[pri:0, instance:Manager.NewCustomer@5ccddd20]" started-at="2021-05-30T09:03:39 BST" name="NC23" finished-at="2021-05-30T09:03:39 BST" duration-ms="439" status="FAIL">
          <exception class="java.lang.AssertionError">
            <message>
              <![CDATA[expected [First character cannot be space] but found []]]>
            </message>
            <full-stacktrace>
              <![CDATA[java.lang.AssertionError: expected [First character cannot be space] but found []
at org.testng.Assert.fail(Assert.java:99)
at org.testng.Assert.failNotEquals(Assert.java:1037)
at org.testng.Assert.assertEqualsImpl(Assert.java:140)
at org.testng.Assert.assertEquals(Assert.java:122)
at org.testng.Assert.assertEquals(Assert.java:629)
at org.testng.Assert.assertEquals(Assert.java:639)
at Manager.NewCustomer.NC23(NewCustomer.java:282)
at java.base/jdk.internal.reflect.NativeMethodAccessorImpl.invoke0(Native Method)
at java.base/jdk.internal.reflect.NativeMethodAccessorImpl.invoke(NativeMethodAccessorImpl.java:78)
at java.base/jdk.internal.reflect.DelegatingMethodAccessorImpl.invoke(DelegatingMethodAccessorImpl.java:43)
at java.base/java.lang.reflect.Method.invoke(Method.java:567)
at org.testng.internal.MethodInvocationHelper.invokeMethod(MethodInvocationHelper.java:133)
at org.testng.internal.TestInvoker.invokeMethod(TestInvoker.java:598)
at org.testng.internal.TestInvoker.invokeTestMethod(TestInvoker.java:173)
at org.testng.internal.MethodRunner.runInSequence(MethodRunner.java:46)
at org.testng.internal.TestInvoker$MethodInvocationAgent.invoke(TestInvoker.java:824)
at org.testng.internal.TestInvoker.invokeTestMethods(TestInvoker.java:146)
at org.testng.internal.TestMethodWorker.invokeTestMethods(TestMethodWorker.java:146)
at org.testng.internal.TestMethodWorker.run(TestMethodWorker.java:128)
at java.base/java.util.ArrayList.forEach(ArrayList.java:1511)
at org.testng.TestRunner.privateRun(TestRunner.java:794)
at org.testng.TestRunner.run(TestRunner.java:596)
at org.testng.SuiteRunner.runTest(SuiteRunner.java:377)
at org.testng.SuiteRunner.runSequentially(SuiteRunner.java:371)
at org.testng.SuiteRunner.privateRun(SuiteRunner.java:332)
at org.testng.SuiteRunner.run(SuiteRunner.java:276)
at org.testng.SuiteRunnerWorker.runSuite(SuiteRunnerWorker.java:53)
at org.testng.SuiteRunnerWorker.run(SuiteRunnerWorker.java:96)
at org.testng.TestNG.runSuitesSequentially(TestNG.java:1212)
at org.testng.TestNG.runSuitesLocally(TestNG.java:1134)
at org.testng.TestNG.runSuites(TestNG.java:1063)
at org.testng.TestNG.run(TestNG.java:1031)
at org.testng.remote.AbstractRemoteTestNG.run(AbstractRemoteTestNG.java:115)
at org.testng.remote.RemoteTestNG.initAndRun(RemoteTestNG.java:251)
at org.testng.remote.RemoteTestNG.main(RemoteTestNG.java:77)
]]>
            </full-stacktrace>
          </exception> <!-- java.lang.AssertionError -->
          <reporter-output>
          </reporter-output>
        </test-method> <!-- NC23 -->
        <test-method is-config="true" signature="closebrowser()[pri:0, instance:Manager.NewCustomer@5ccddd20]" started-at="2021-05-30T09:03:39 BST" name="closebrowser" finished-at="2021-05-30T09:03:40 BST" duration-ms="83" status="PASS">
          <reporter-output>
          </reporter-output>
        </test-method> <!-- closebrowser -->
        <test-method is-config="true" signature="deviopenbrs()[pri:0, instance:Manager.NewCustomer@5ccddd20]" started-at="2021-05-30T09:03:40 BST" name="deviopenbrs" finished-at="2021-05-30T09:03:44 BST" duration-ms="4117" status="PASS">
          <reporter-output>
          </reporter-output>
        </test-method> <!-- deviopenbrs -->
        <test-method signature="NC24()[pri:0, instance:Manager.NewCustomer@5ccddd20]" started-at="2021-05-30T09:03:44 BST" name="NC24" finished-at="2021-05-30T09:03:44 BST" duration-ms="531" status="FAIL">
          <exception class="java.lang.AssertionError">
            <message>
              <![CDATA[expected [Telephone cannot have be space] but found [Characters are not allowed]]]>
            </message>
            <full-stacktrace>
              <![CDATA[java.lang.AssertionError: expected [Telephone cannot have be space] but found [Characters are not allowed]
at org.testng.Assert.fail(Assert.java:99)
at org.testng.Assert.failNotEquals(Assert.java:1037)
at org.testng.Assert.assertEqualsImpl(Assert.java:140)
at org.testng.Assert.assertEquals(Assert.java:122)
at org.testng.Assert.assertEquals(Assert.java:629)
at org.testng.Assert.assertEquals(Assert.java:639)
at Manager.NewCustomer.NC24(NewCustomer.java:293)
at java.base/jdk.internal.reflect.NativeMethodAccessorImpl.invoke0(Native Method)
at java.base/jdk.internal.reflect.NativeMethodAccessorImpl.invoke(NativeMethodAccessorImpl.java:78)
at java.base/jdk.internal.reflect.DelegatingMethodAccessorImpl.invoke(DelegatingMethodAccessorImpl.java:43)
at java.base/java.lang.reflect.Method.invoke(Method.java:567)
at org.testng.internal.MethodInvocationHelper.invokeMethod(MethodInvocationHelper.java:133)
at org.testng.internal.TestInvoker.invokeMethod(TestInvoker.java:598)
at org.testng.internal.TestInvoker.invokeTestMethod(TestInvoker.java:173)
at org.testng.internal.MethodRunner.runInSequence(MethodRunner.java:46)
at org.testng.internal.TestInvoker$MethodInvocationAgent.invoke(TestInvoker.java:824)
at org.testng.internal.TestInvoker.invokeTestMethods(TestInvoker.java:146)
at org.testng.internal.TestMethodWorker.invokeTestMethods(TestMethodWorker.java:146)
at org.testng.internal.TestMethodWorker.run(TestMethodWorker.java:128)
at java.base/java.util.ArrayList.forEach(ArrayList.java:1511)
at org.testng.TestRunner.privateRun(TestRunner.java:794)
at org.testng.TestRunner.run(TestRunner.java:596)
at org.testng.SuiteRunner.runTest(SuiteRunner.java:377)
at org.testng.SuiteRunner.runSequentially(SuiteRunner.java:371)
at org.testng.SuiteRunner.privateRun(SuiteRunner.java:332)
at org.testng.SuiteRunner.run(SuiteRunner.java:276)
at org.testng.SuiteRunnerWorker.runSuite(SuiteRunnerWorker.java:53)
at org.testng.SuiteRunnerWorker.run(SuiteRunnerWorker.java:96)
at org.testng.TestNG.runSuitesSequentially(TestNG.java:1212)
at org.testng.TestNG.runSuitesLocally(TestNG.java:1134)
at org.testng.TestNG.runSuites(TestNG.java:1063)
at org.testng.TestNG.run(TestNG.java:1031)
at org.testng.remote.AbstractRemoteTestNG.run(AbstractRemoteTestNG.java:115)
at org.testng.remote.RemoteTestNG.initAndRun(RemoteTestNG.java:251)
at org.testng.remote.RemoteTestNG.main(RemoteTestNG.java:77)
]]>
            </full-stacktrace>
          </exception> <!-- java.lang.AssertionError -->
          <reporter-output>
          </reporter-output>
        </test-method> <!-- NC24 -->
        <test-method is-config="true" signature="closebrowser()[pri:0, instance:Manager.NewCustomer@5ccddd20]" started-at="2021-05-30T09:03:44 BST" name="closebrowser" finished-at="2021-05-30T09:03:44 BST" duration-ms="103" status="PASS">
          <reporter-output>
          </reporter-output>
        </test-method> <!-- closebrowser -->
        <test-method is-config="true" signature="deviopenbrs()[pri:0, instance:Manager.NewCustomer@5ccddd20]" started-at="2021-05-30T09:03:44 BST" name="deviopenbrs" finished-at="2021-05-30T09:03:48 BST" duration-ms="3921" status="PASS">
          <reporter-output>
          </reporter-output>
        </test-method> <!-- deviopenbrs -->
        <test-method signature="NC25()[pri:0, instance:Manager.NewCustomer@5ccddd20]" started-at="2021-05-30T09:03:48 BST" name="NC25" finished-at="2021-05-30T09:03:49 BST" duration-ms="431" status="PASS">
          <reporter-output>
          </reporter-output>
        </test-method> <!-- NC25 -->
        <test-method is-config="true" signature="closebrowser()[pri:0, instance:Manager.NewCustomer@5ccddd20]" started-at="2021-05-30T09:03:49 BST" name="closebrowser" finished-at="2021-05-30T09:03:49 BST" duration-ms="115" status="PASS">
          <reporter-output>
          </reporter-output>
        </test-method> <!-- closebrowser -->
        <test-method is-config="true" signature="deviopenbrs()[pri:0, instance:Manager.NewCustomer@5ccddd20]" started-at="2021-05-30T09:03:49 BST" name="deviopenbrs" finished-at="2021-05-30T09:03:53 BST" duration-ms="4042" status="PASS">
          <reporter-output>
          </reporter-output>
        </test-method> <!-- deviopenbrs -->
        <test-method signature="NC26()[pri:0, instance:Manager.NewCustomer@5ccddd20]" started-at="2021-05-30T09:03:53 BST" name="NC26" finished-at="2021-05-30T09:03:53 BST" duration-ms="307" status="FAIL">
          <exception class="java.lang.AssertionError">
            <message>
              <![CDATA[expected [Email ID must not be blank] but found [Email-ID must not be blank]]]>
            </message>
            <full-stacktrace>
              <![CDATA[java.lang.AssertionError: expected [Email ID must not be blank] but found [Email-ID must not be blank]
at org.testng.Assert.fail(Assert.java:99)
at org.testng.Assert.failNotEquals(Assert.java:1037)
at org.testng.Assert.assertEqualsImpl(Assert.java:140)
at org.testng.Assert.assertEquals(Assert.java:122)
at org.testng.Assert.assertEquals(Assert.java:629)
at org.testng.Assert.assertEquals(Assert.java:639)
at Manager.NewCustomer.NC26(NewCustomer.java:315)
at java.base/jdk.internal.reflect.NativeMethodAccessorImpl.invoke0(Native Method)
at java.base/jdk.internal.reflect.NativeMethodAccessorImpl.invoke(NativeMethodAccessorImpl.java:78)
at java.base/jdk.internal.reflect.DelegatingMethodAccessorImpl.invoke(DelegatingMethodAccessorImpl.java:43)
at java.base/java.lang.reflect.Method.invoke(Method.java:567)
at org.testng.internal.MethodInvocationHelper.invokeMethod(MethodInvocationHelper.java:133)
at org.testng.internal.TestInvoker.invokeMethod(TestInvoker.java:598)
at org.testng.internal.TestInvoker.invokeTestMethod(TestInvoker.java:173)
at org.testng.internal.MethodRunner.runInSequence(MethodRunner.java:46)
at org.testng.internal.TestInvoker$MethodInvocationAgent.invoke(TestInvoker.java:824)
at org.testng.internal.TestInvoker.invokeTestMethods(TestInvoker.java:146)
at org.testng.internal.TestMethodWorker.invokeTestMethods(TestMethodWorker.java:146)
at org.testng.internal.TestMethodWorker.run(TestMethodWorker.java:128)
at java.base/java.util.ArrayList.forEach(ArrayList.java:1511)
at org.testng.TestRunner.privateRun(TestRunner.java:794)
at org.testng.TestRunner.run(TestRunner.java:596)
at org.testng.SuiteRunner.runTest(SuiteRunner.java:377)
at org.testng.SuiteRunner.runSequentially(SuiteRunner.java:371)
at org.testng.SuiteRunner.privateRun(SuiteRunner.java:332)
at org.testng.SuiteRunner.run(SuiteRunner.java:276)
at org.testng.SuiteRunnerWorker.runSuite(SuiteRunnerWorker.java:53)
at org.testng.SuiteRunnerWorker.run(SuiteRunnerWorker.java:96)
at org.testng.TestNG.runSuitesSequentially(TestNG.java:1212)
at org.testng.TestNG.runSuitesLocally(TestNG.java:1134)
at org.testng.TestNG.runSuites(TestNG.java:1063)
at org.testng.TestNG.run(TestNG.java:1031)
at org.testng.remote.AbstractRemoteTestNG.run(AbstractRemoteTestNG.java:115)
at org.testng.remote.RemoteTestNG.initAndRun(RemoteTestNG.java:251)
at org.testng.remote.RemoteTestNG.main(RemoteTestNG.java:77)
]]>
            </full-stacktrace>
          </exception> <!-- java.lang.AssertionError -->
          <reporter-output>
          </reporter-output>
        </test-method> <!-- NC26 -->
        <test-method is-config="true" signature="closebrowser()[pri:0, instance:Manager.NewCustomer@5ccddd20]" started-at="2021-05-30T09:03:53 BST" name="closebrowser" finished-at="2021-05-30T09:03:53 BST" duration-ms="83" status="PASS">
          <reporter-output>
          </reporter-output>
        </test-method> <!-- closebrowser -->
        <test-method is-config="true" signature="deviopenbrs()[pri:0, instance:Manager.NewCustomer@5ccddd20]" started-at="2021-05-30T09:03:53 BST" name="deviopenbrs" finished-at="2021-05-30T09:03:57 BST" duration-ms="3974" status="PASS">
          <reporter-output>
          </reporter-output>
        </test-method> <!-- deviopenbrs -->
        <test-method signature="NC27()[pri:0, instance:Manager.NewCustomer@5ccddd20]" started-at="2021-05-30T09:03:57 BST" name="NC27" finished-at="2021-05-30T09:03:58 BST" duration-ms="412" status="PASS">
          <reporter-output>
          </reporter-output>
        </test-method> <!-- NC27 -->
        <test-method is-config="true" signature="closebrowser()[pri:0, instance:Manager.NewCustomer@5ccddd20]" started-at="2021-05-30T09:03:58 BST" name="closebrowser" finished-at="2021-05-30T09:03:58 BST" duration-ms="100" status="PASS">
          <reporter-output>
          </reporter-output>
        </test-method> <!-- closebrowser -->
        <test-method is-config="true" signature="deviopenbrs()[pri:0, instance:Manager.NewCustomer@5ccddd20]" started-at="2021-05-30T09:03:58 BST" name="deviopenbrs" finished-at="2021-05-30T09:04:02 BST" duration-ms="4246" status="PASS">
          <reporter-output>
          </reporter-output>
        </test-method> <!-- deviopenbrs -->
        <test-method signature="NC29()[pri:0, instance:Manager.NewCustomer@5ccddd20]" started-at="2021-05-30T09:04:02 BST" name="NC29" finished-at="2021-05-30T09:04:03 BST" duration-ms="613" status="FAIL">
          <exception class="java.lang.AssertionError">
            <message>
              <![CDATA[expected [Email-ID is not valid] but found [Email-ID must not be blank]]]>
            </message>
            <full-stacktrace>
              <![CDATA[java.lang.AssertionError: expected [Email-ID is not valid] but found [Email-ID must not be blank]
at org.testng.Assert.fail(Assert.java:99)
at org.testng.Assert.failNotEquals(Assert.java:1037)
at org.testng.Assert.assertEqualsImpl(Assert.java:140)
at org.testng.Assert.assertEquals(Assert.java:122)
at org.testng.Assert.assertEquals(Assert.java:629)
at org.testng.Assert.assertEquals(Assert.java:639)
at Manager.NewCustomer.NC29(NewCustomer.java:338)
at java.base/jdk.internal.reflect.NativeMethodAccessorImpl.invoke0(Native Method)
at java.base/jdk.internal.reflect.NativeMethodAccessorImpl.invoke(NativeMethodAccessorImpl.java:78)
at java.base/jdk.internal.reflect.DelegatingMethodAccessorImpl.invoke(DelegatingMethodAccessorImpl.java:43)
at java.base/java.lang.reflect.Method.invoke(Method.java:567)
at org.testng.internal.MethodInvocationHelper.invokeMethod(MethodInvocationHelper.java:133)
at org.testng.internal.TestInvoker.invokeMethod(TestInvoker.java:598)
at org.testng.internal.TestInvoker.invokeTestMethod(TestInvoker.java:173)
at org.testng.internal.MethodRunner.runInSequence(MethodRunner.java:46)
at org.testng.internal.TestInvoker$MethodInvocationAgent.invoke(TestInvoker.java:824)
at org.testng.internal.TestInvoker.invokeTestMethods(TestInvoker.java:146)
at org.testng.internal.TestMethodWorker.invokeTestMethods(TestMethodWorker.java:146)
at org.testng.internal.TestMethodWorker.run(TestMethodWorker.java:128)
at java.base/java.util.ArrayList.forEach(ArrayList.java:1511)
at org.testng.TestRunner.privateRun(TestRunner.java:794)
at org.testng.TestRunner.run(TestRunner.java:596)
at org.testng.SuiteRunner.runTest(SuiteRunner.java:377)
at org.testng.SuiteRunner.runSequentially(SuiteRunner.java:371)
at org.testng.SuiteRunner.privateRun(SuiteRunner.java:332)
at org.testng.SuiteRunner.run(SuiteRunner.java:276)
at org.testng.SuiteRunnerWorker.runSuite(SuiteRunnerWorker.java:53)
at org.testng.SuiteRunnerWorker.run(SuiteRunnerWorker.java:96)
at org.testng.TestNG.runSuitesSequentially(TestNG.java:1212)
at org.testng.TestNG.runSuitesLocally(TestNG.java:1134)
at org.testng.TestNG.runSuites(TestNG.java:1063)
at org.testng.TestNG.run(TestNG.java:1031)
at org.testng.remote.AbstractRemoteTestNG.run(AbstractRemoteTestNG.java:115)
at org.testng.remote.RemoteTestNG.initAndRun(RemoteTestNG.java:251)
at org.testng.remote.RemoteTestNG.main(RemoteTestNG.java:77)
]]>
            </full-stacktrace>
          </exception> <!-- java.lang.AssertionError -->
          <reporter-output>
          </reporter-output>
        </test-method> <!-- NC29 -->
        <test-method is-config="true" signature="closebrowser()[pri:0, instance:Manager.NewCustomer@5ccddd20]" started-at="2021-05-30T09:04:03 BST" name="closebrowser" finished-at="2021-05-30T09:04:03 BST" duration-ms="132" status="PASS">
          <reporter-output>
          </reporter-output>
        </test-method> <!-- closebrowser -->
        <test-method is-config="true" signature="deviopenbrs()[pri:0, instance:Manager.NewCustomer@5ccddd20]" started-at="2021-05-30T09:04:03 BST" name="deviopenbrs" finished-at="2021-05-30T09:04:08 BST" duration-ms="5558" status="PASS">
          <reporter-output>
          </reporter-output>
        </test-method> <!-- deviopenbrs -->
        <test-method signature="NC3()[pri:0, instance:Manager.NewCustomer@5ccddd20]" started-at="2021-05-30T09:04:08 BST" name="NC3" finished-at="2021-05-30T09:04:09 BST" duration-ms="528" status="PASS">
          <reporter-output>
          </reporter-output>
        </test-method> <!-- NC3 -->
        <test-method is-config="true" signature="closebrowser()[pri:0, instance:Manager.NewCustomer@5ccddd20]" started-at="2021-05-30T09:04:09 BST" name="closebrowser" finished-at="2021-05-30T09:04:09 BST" duration-ms="100" status="PASS">
          <reporter-output>
          </reporter-output>
        </test-method> <!-- closebrowser -->
        <test-method is-config="true" signature="deviopenbrs()[pri:0, instance:Manager.NewCustomer@5ccddd20]" started-at="2021-05-30T09:04:09 BST" name="deviopenbrs" finished-at="2021-05-30T09:04:13 BST" duration-ms="4331" status="PASS">
          <reporter-output>
          </reporter-output>
        </test-method> <!-- deviopenbrs -->
        <test-method signature="NC4()[pri:0, instance:Manager.NewCustomer@5ccddd20]" started-at="2021-05-30T09:04:13 BST" name="NC4" finished-at="2021-05-30T09:04:14 BST" duration-ms="484" status="FAIL">
          <exception class="java.lang.AssertionError">
            <message>
              <![CDATA[expected [First character cannot be space] but found [Numbers are not allowed]]]>
            </message>
            <full-stacktrace>
              <![CDATA[java.lang.AssertionError: expected [First character cannot be space] but found [Numbers are not allowed]
at org.testng.Assert.fail(Assert.java:99)
at org.testng.Assert.failNotEquals(Assert.java:1037)
at org.testng.Assert.assertEqualsImpl(Assert.java:140)
at org.testng.Assert.assertEquals(Assert.java:122)
at org.testng.Assert.assertEquals(Assert.java:629)
at org.testng.Assert.assertEquals(Assert.java:639)
at Manager.NewCustomer.NC4(NewCustomer.java:81)
at java.base/jdk.internal.reflect.NativeMethodAccessorImpl.invoke0(Native Method)
at java.base/jdk.internal.reflect.NativeMethodAccessorImpl.invoke(NativeMethodAccessorImpl.java:78)
at java.base/jdk.internal.reflect.DelegatingMethodAccessorImpl.invoke(DelegatingMethodAccessorImpl.java:43)
at java.base/java.lang.reflect.Method.invoke(Method.java:567)
at org.testng.internal.MethodInvocationHelper.invokeMethod(MethodInvocationHelper.java:133)
at org.testng.internal.TestInvoker.invokeMethod(TestInvoker.java:598)
at org.testng.internal.TestInvoker.invokeTestMethod(TestInvoker.java:173)
at org.testng.internal.MethodRunner.runInSequence(MethodRunner.java:46)
at org.testng.internal.TestInvoker$MethodInvocationAgent.invoke(TestInvoker.java:824)
at org.testng.internal.TestInvoker.invokeTestMethods(TestInvoker.java:146)
at org.testng.internal.TestMethodWorker.invokeTestMethods(TestMethodWorker.java:146)
at org.testng.internal.TestMethodWorker.run(TestMethodWorker.java:128)
at java.base/java.util.ArrayList.forEach(ArrayList.java:1511)
at org.testng.TestRunner.privateRun(TestRunner.java:794)
at org.testng.TestRunner.run(TestRunner.java:596)
at org.testng.SuiteRunner.runTest(SuiteRunner.java:377)
at org.testng.SuiteRunner.runSequentially(SuiteRunner.java:371)
at org.testng.SuiteRunner.privateRun(SuiteRunner.java:332)
at org.testng.SuiteRunner.run(SuiteRunner.java:276)
at org.testng.SuiteRunnerWorker.runSuite(SuiteRunnerWorker.java:53)
at org.testng.SuiteRunnerWorker.run(SuiteRunnerWorker.java:96)
at org.testng.TestNG.runSuitesSequentially(TestNG.java:1212)
at org.testng.TestNG.runSuitesLocally(TestNG.java:1134)
at org.testng.TestNG.runSuites(TestNG.java:1063)
at org.testng.TestNG.run(TestNG.java:1031)
at org.testng.remote.AbstractRemoteTestNG.run(AbstractRemoteTestNG.java:115)
at org.testng.remote.RemoteTestNG.initAndRun(RemoteTestNG.java:251)
at org.testng.remote.RemoteTestNG.main(RemoteTestNG.java:77)
]]>
            </full-stacktrace>
          </exception> <!-- java.lang.AssertionError -->
          <reporter-output>
          </reporter-output>
        </test-method> <!-- NC4 -->
        <test-method is-config="true" signature="closebrowser()[pri:0, instance:Manager.NewCustomer@5ccddd20]" started-at="2021-05-30T09:04:14 BST" name="closebrowser" finished-at="2021-05-30T09:04:14 BST" duration-ms="108" status="PASS">
          <reporter-output>
          </reporter-output>
        </test-method> <!-- closebrowser -->
        <test-method is-config="true" signature="deviopenbrs()[pri:0, instance:Manager.NewCustomer@5ccddd20]" started-at="2021-05-30T09:04:14 BST" name="deviopenbrs" finished-at="2021-05-30T09:04:18 BST" duration-ms="4125" status="PASS">
          <reporter-output>
          </reporter-output>
        </test-method> <!-- deviopenbrs -->
        <test-method signature="NC5()[pri:0, instance:Manager.NewCustomer@5ccddd20]" started-at="2021-05-30T09:04:18 BST" name="NC5" finished-at="2021-05-30T09:04:18 BST" duration-ms="438" status="FAIL">
          <exception class="java.lang.AssertionError">
            <message>
              <![CDATA[expected [ADDRESS cannot be empty] but found []]]>
            </message>
            <full-stacktrace>
              <![CDATA[java.lang.AssertionError: expected [ADDRESS cannot be empty] but found []
at org.testng.Assert.fail(Assert.java:99)
at org.testng.Assert.failNotEquals(Assert.java:1037)
at org.testng.Assert.assertEqualsImpl(Assert.java:140)
at org.testng.Assert.assertEquals(Assert.java:122)
at org.testng.Assert.assertEquals(Assert.java:629)
at org.testng.Assert.assertEquals(Assert.java:639)
at Manager.NewCustomer.NC5(NewCustomer.java:92)
at java.base/jdk.internal.reflect.NativeMethodAccessorImpl.invoke0(Native Method)
at java.base/jdk.internal.reflect.NativeMethodAccessorImpl.invoke(NativeMethodAccessorImpl.java:78)
at java.base/jdk.internal.reflect.DelegatingMethodAccessorImpl.invoke(DelegatingMethodAccessorImpl.java:43)
at java.base/java.lang.reflect.Method.invoke(Method.java:567)
at org.testng.internal.MethodInvocationHelper.invokeMethod(MethodInvocationHelper.java:133)
at org.testng.internal.TestInvoker.invokeMethod(TestInvoker.java:598)
at org.testng.internal.TestInvoker.invokeTestMethod(TestInvoker.java:173)
at org.testng.internal.MethodRunner.runInSequence(MethodRunner.java:46)
at org.testng.internal.TestInvoker$MethodInvocationAgent.invoke(TestInvoker.java:824)
at org.testng.internal.TestInvoker.invokeTestMethods(TestInvoker.java:146)
at org.testng.internal.TestMethodWorker.invokeTestMethods(TestMethodWorker.java:146)
at org.testng.internal.TestMethodWorker.run(TestMethodWorker.java:128)
at java.base/java.util.ArrayList.forEach(ArrayList.java:1511)
at org.testng.TestRunner.privateRun(TestRunner.java:794)
at org.testng.TestRunner.run(TestRunner.java:596)
at org.testng.SuiteRunner.runTest(SuiteRunner.java:377)
at org.testng.SuiteRunner.runSequentially(SuiteRunner.java:371)
at org.testng.SuiteRunner.privateRun(SuiteRunner.java:332)
at org.testng.SuiteRunner.run(SuiteRunner.java:276)
at org.testng.SuiteRunnerWorker.runSuite(SuiteRunnerWorker.java:53)
at org.testng.SuiteRunnerWorker.run(SuiteRunnerWorker.java:96)
at org.testng.TestNG.runSuitesSequentially(TestNG.java:1212)
at org.testng.TestNG.runSuitesLocally(TestNG.java:1134)
at org.testng.TestNG.runSuites(TestNG.java:1063)
at org.testng.TestNG.run(TestNG.java:1031)
at org.testng.remote.AbstractRemoteTestNG.run(AbstractRemoteTestNG.java:115)
at org.testng.remote.RemoteTestNG.initAndRun(RemoteTestNG.java:251)
at org.testng.remote.RemoteTestNG.main(RemoteTestNG.java:77)
]]>
            </full-stacktrace>
          </exception> <!-- java.lang.AssertionError -->
          <reporter-output>
          </reporter-output>
        </test-method> <!-- NC5 -->
        <test-method is-config="true" signature="closebrowser()[pri:0, instance:Manager.NewCustomer@5ccddd20]" started-at="2021-05-30T09:04:18 BST" name="closebrowser" finished-at="2021-05-30T09:04:18 BST" duration-ms="128" status="PASS">
          <reporter-output>
          </reporter-output>
        </test-method> <!-- closebrowser -->
        <test-method is-config="true" signature="deviopenbrs()[pri:0, instance:Manager.NewCustomer@5ccddd20]" started-at="2021-05-30T09:04:18 BST" name="deviopenbrs" finished-at="2021-05-30T09:04:22 BST" duration-ms="3831" status="PASS">
          <reporter-output>
          </reporter-output>
        </test-method> <!-- deviopenbrs -->
        <test-method signature="NC6()[pri:0, instance:Manager.NewCustomer@5ccddd20]" started-at="2021-05-30T09:04:22 BST" name="NC6" finished-at="2021-05-30T09:04:23 BST" duration-ms="414" status="FAIL">
          <exception class="java.lang.AssertionError">
            <message>
              <![CDATA[expected [First character cannot be space] but found []]]>
            </message>
            <full-stacktrace>
              <![CDATA[java.lang.AssertionError: expected [First character cannot be space] but found []
at org.testng.Assert.fail(Assert.java:99)
at org.testng.Assert.failNotEquals(Assert.java:1037)
at org.testng.Assert.assertEqualsImpl(Assert.java:140)
at org.testng.Assert.assertEquals(Assert.java:122)
at org.testng.Assert.assertEquals(Assert.java:629)
at org.testng.Assert.assertEquals(Assert.java:639)
at Manager.NewCustomer.NC6(NewCustomer.java:104)
at java.base/jdk.internal.reflect.NativeMethodAccessorImpl.invoke0(Native Method)
at java.base/jdk.internal.reflect.NativeMethodAccessorImpl.invoke(NativeMethodAccessorImpl.java:78)
at java.base/jdk.internal.reflect.DelegatingMethodAccessorImpl.invoke(DelegatingMethodAccessorImpl.java:43)
at java.base/java.lang.reflect.Method.invoke(Method.java:567)
at org.testng.internal.MethodInvocationHelper.invokeMethod(MethodInvocationHelper.java:133)
at org.testng.internal.TestInvoker.invokeMethod(TestInvoker.java:598)
at org.testng.internal.TestInvoker.invokeTestMethod(TestInvoker.java:173)
at org.testng.internal.MethodRunner.runInSequence(MethodRunner.java:46)
at org.testng.internal.TestInvoker$MethodInvocationAgent.invoke(TestInvoker.java:824)
at org.testng.internal.TestInvoker.invokeTestMethods(TestInvoker.java:146)
at org.testng.internal.TestMethodWorker.invokeTestMethods(TestMethodWorker.java:146)
at org.testng.internal.TestMethodWorker.run(TestMethodWorker.java:128)
at java.base/java.util.ArrayList.forEach(ArrayList.java:1511)
at org.testng.TestRunner.privateRun(TestRunner.java:794)
at org.testng.TestRunner.run(TestRunner.java:596)
at org.testng.SuiteRunner.runTest(SuiteRunner.java:377)
at org.testng.SuiteRunner.runSequentially(SuiteRunner.java:371)
at org.testng.SuiteRunner.privateRun(SuiteRunner.java:332)
at org.testng.SuiteRunner.run(SuiteRunner.java:276)
at org.testng.SuiteRunnerWorker.runSuite(SuiteRunnerWorker.java:53)
at org.testng.SuiteRunnerWorker.run(SuiteRunnerWorker.java:96)
at org.testng.TestNG.runSuitesSequentially(TestNG.java:1212)
at org.testng.TestNG.runSuitesLocally(TestNG.java:1134)
at org.testng.TestNG.runSuites(TestNG.java:1063)
at org.testng.TestNG.run(TestNG.java:1031)
at org.testng.remote.AbstractRemoteTestNG.run(AbstractRemoteTestNG.java:115)
at org.testng.remote.RemoteTestNG.initAndRun(RemoteTestNG.java:251)
at org.testng.remote.RemoteTestNG.main(RemoteTestNG.java:77)
]]>
            </full-stacktrace>
          </exception> <!-- java.lang.AssertionError -->
          <reporter-output>
          </reporter-output>
        </test-method> <!-- NC6 -->
        <test-method is-config="true" signature="closebrowser()[pri:0, instance:Manager.NewCustomer@5ccddd20]" started-at="2021-05-30T09:04:23 BST" name="closebrowser" finished-at="2021-05-30T09:04:23 BST" duration-ms="107" status="PASS">
          <reporter-output>
          </reporter-output>
        </test-method> <!-- closebrowser -->
        <test-method is-config="true" signature="deviopenbrs()[pri:0, instance:Manager.NewCustomer@5ccddd20]" started-at="2021-05-30T09:04:23 BST" name="deviopenbrs" finished-at="2021-05-30T09:04:27 BST" duration-ms="4069" status="PASS">
          <reporter-output>
          </reporter-output>
        </test-method> <!-- deviopenbrs -->
        <test-method signature="NC8()[pri:0, instance:Manager.NewCustomer@5ccddd20]" started-at="2021-05-30T09:04:27 BST" name="NC8" finished-at="2021-05-30T09:04:27 BST" duration-ms="412" status="PASS">
          <reporter-output>
          </reporter-output>
        </test-method> <!-- NC8 -->
        <test-method is-config="true" signature="closebrowser()[pri:0, instance:Manager.NewCustomer@5ccddd20]" started-at="2021-05-30T09:04:27 BST" name="closebrowser" finished-at="2021-05-30T09:04:27 BST" duration-ms="94" status="PASS">
          <reporter-output>
          </reporter-output>
        </test-method> <!-- closebrowser -->
        <test-method is-config="true" signature="deviopenbrs()[pri:0, instance:Manager.NewCustomer@5ccddd20]" started-at="2021-05-30T09:04:27 BST" name="deviopenbrs" finished-at="2021-05-30T09:04:32 BST" duration-ms="4234" status="PASS">
          <reporter-output>
          </reporter-output>
        </test-method> <!-- deviopenbrs -->
        <test-method signature="NC9()[pri:0, instance:Manager.NewCustomer@5ccddd20]" started-at="2021-05-30T09:04:32 BST" name="NC9" finished-at="2021-05-30T09:04:32 BST" duration-ms="442" status="PASS">
          <reporter-output>
          </reporter-output>
        </test-method> <!-- NC9 -->
        <test-method is-config="true" signature="closebrowser()[pri:0, instance:Manager.NewCustomer@5ccddd20]" started-at="2021-05-30T09:04:32 BST" name="closebrowser" finished-at="2021-05-30T09:04:32 BST" duration-ms="126" status="PASS">
          <reporter-output>
          </reporter-output>
        </test-method> <!-- closebrowser -->
      </class> <!-- Manager.NewCustomer -->
    </test> <!-- Default test -->
  </suite> <!-- Default suite -->
</testng-results>
